/Users/hiteshahuja/Library/Python/3.9/lib/python/site-packages/urllib3/__init__.py:35: NotOpenSSLWarning: urllib3 v2 only supports OpenSSL 1.1.1+, currently the 'ssl' module is compiled with 'LibreSSL 2.8.3'. See: https://github.com/urllib3/urllib3/issues/3020
  warnings.warn(


[97m  *       .                                     *              .
  .                 [38;5;069m(((((((((    [38;5;203m((((([38;5;220m####[97m              *
    *            [38;5;069m((((((((((((([38;5;203m((((((((([38;5;220m#########[97m    .
  .            [38;5;069m((((((((((((([38;5;203m((((((((((([38;5;220m###########[97m        *
      *      [38;5;069m(((((((((((((([38;5;203m(((((((((((([38;5;220m############[97m  .
  *         [38;5;069m((((((((((((([38;5;203m(((((((((((((([38;5;220m#############[97m
    .       [38;5;069m((((((((((((([38;5;203m(((((((((((((([38;5;220m#############[97m     *
  .          [38;5;069m(((((((((((([38;5;203m((((((((((((([38;5;220m##############[97m .
      *      [38;5;069m(((((((((((([38;5;203m(((((((((((([38;5;220m##############[97m      *
  *            [38;5;069m(((((((((([38;5;203m((((((((((([38;5;220m#############[97m   .
  .      *         [38;5;069m((((([38;5;203m((((    [38;5;220m#########[97m          .
      .        *                        .        *           .[0m

Saving data to: ./chroma_data
Connect to Chroma at: http://localhost:8000
Getting started guide: https://docs.trychroma.com/docs/overview/getting-started

☁️ To deploy your DB - try Chroma Cloud!
- Sign up: https://trychroma.com/signup
- Copy your data to Cloud: chroma copy --to-cloud --all

OpenTelemetry is not enabled because it is missing from the config.
